{
  "RSpec": {
    "coverage": {
      "/Users/o302/Dropbox/program/github/drop_the_latte/app/helpers/application_helper.rb": [
        1,
        null,
        null,
        1,
        101,
        101,
        9,
        null,
        92,
        null,
        null,
        null
      ],
      "/Users/o302/Dropbox/program/github/drop_the_latte/app/helpers/sessions_helper.rb": [
        1,
        1,
        28,
        28,
        null,
        null,
        1,
        123,
        null,
        null,
        1,
        31,
        null,
        null,
        1,
        215,
        null,
        null,
        1,
        16,
        null,
        null,
        1,
        3,
        3,
        null,
        null,
        1,
        19,
        19,
        null,
        null,
        1,
        4,
        null,
        null
      ],
      "/Users/o302/Dropbox/program/github/drop_the_latte/app/helpers/static_pages_helper.rb": [
        1,
        null
      ],
      "/Users/o302/Dropbox/program/github/drop_the_latte/app/helpers/users_helper.rb": [
        1,
        null
      ],
      "/Users/o302/Dropbox/program/github/drop_the_latte/app/models/user.rb": [
        1,
        1,
        41,
        1,
        null,
        1,
        1,
        1,
        null,
        null,
        1,
        1,
        1,
        null,
        1,
        null,
        1,
        40,
        null,
        null
      ],
      "/Users/o302/Dropbox/program/github/drop_the_latte/app/controllers/static_pages_controller.rb": [
        1,
        1,
        null,
        null
      ],
      "/Users/o302/Dropbox/program/github/drop_the_latte/app/controllers/application_controller.rb": [
        1,
        1,
        1,
        null
      ],
      "/Users/o302/Dropbox/program/github/drop_the_latte/app/controllers/users_controller.rb": [
        1,
        1,
        1,
        null,
        1,
        28,
        null,
        null,
        1,
        10,
        null,
        null,
        1,
        7,
        7,
        4,
        4,
        4,
        null,
        3,
        null,
        null,
        null,
        1,
        null,
        null,
        1,
        6,
        5,
        5,
        5,
        null,
        1,
        null,
        null,
        null,
        1,
        1,
        1,
        1,
        null,
        1,
        null,
        1,
        13,
        null,
        null,
        1,
        21,
        4,
        4,
        null,
        null,
        null,
        1,
        16,
        16,
        null,
        null
      ],
      "/Users/o302/Dropbox/program/github/drop_the_latte/app/controllers/sessions_controller.rb": [
        1,
        1,
        null,
        null,
        1,
        21,
        21,
        19,
        19,
        null,
        2,
        2,
        null,
        null,
        null,
        1,
        3,
        3,
        null,
        null
      ]
    },
    "timestamp": 1372209992
  }
}
